proguard/seeds.txt
com.fasterxml.jackson.annotation.JsonAutoDetect$Visibility: com.fasterxml.jackson.annotation.JsonAutoDetect$Visibility[] values()
com.fasterxml.jackson.annotation.JsonAutoDetect$Visibility: com.fasterxml.jackson.annotation.JsonAutoDetect$Visibility valueOf(java.lang.String)
com.fasterxml.jackson.annotation.JsonFormat$Shape: com.fasterxml.jackson.annotation.JsonFormat$Shape[] values()
com.fasterxml.jackson.annotation.JsonFormat$Shape: com.fasterxml.jackson.annotation.JsonFormat$Shape valueOf(java.lang.String)
com.fasterxml.jackson.annotation.JsonInclude$Include: com.fasterxml.jackson.annotation.JsonInclude$Include[] values()
com.fasterxml.jackson.annotation.JsonInclude$Include: com.fasterxml.jackson.annotation.JsonInclude$Include valueOf(java.lang.String)
com.fasterxml.jackson.annotation.JsonTypeInfo$As: com.fasterxml.jackson.annotation.JsonTypeInfo$As[] values()
com.fasterxml.jackson.annotation.JsonTypeInfo$As: com.fasterxml.jackson.annotation.JsonTypeInfo$As valueOf(java.lang.String)
com.fasterxml.jackson.annotation.JsonTypeInfo$Id: com.fasterxml.jackson.annotation.JsonTypeInfo$Id[] values()
com.fasterxml.jackson.annotation.JsonTypeInfo$Id: com.fasterxml.jackson.annotation.JsonTypeInfo$Id valueOf(java.lang.String)
com.fasterxml.jackson.annotation.PropertyAccessor: com.fasterxml.jackson.annotation.PropertyAccessor[] values()
com.fasterxml.jackson.annotation.PropertyAccessor: com.fasterxml.jackson.annotation.PropertyAccessor valueOf(java.lang.String)
com.fasterxml.jackson.core.JsonEncoding: com.fasterxml.jackson.core.JsonEncoding[] values()
com.fasterxml.jackson.core.JsonEncoding: com.fasterxml.jackson.core.JsonEncoding valueOf(java.lang.String)
com.fasterxml.jackson.core.JsonFactory$Feature: com.fasterxml.jackson.core.JsonFactory$Feature[] values()
com.fasterxml.jackson.core.JsonFactory$Feature: com.fasterxml.jackson.core.JsonFactory$Feature valueOf(java.lang.String)
com.fasterxml.jackson.core.JsonGenerator$Feature: com.fasterxml.jackson.core.JsonGenerator$Feature[] values()
com.fasterxml.jackson.core.JsonGenerator$Feature: com.fasterxml.jackson.core.JsonGenerator$Feature valueOf(java.lang.String)
com.fasterxml.jackson.core.JsonParser$Feature: com.fasterxml.jackson.core.JsonParser$Feature[] values()
com.fasterxml.jackson.core.JsonParser$Feature: com.fasterxml.jackson.core.JsonParser$Feature valueOf(java.lang.String)
com.fasterxml.jackson.core.JsonParser$NumberType: com.fasterxml.jackson.core.JsonParser$NumberType[] values()
com.fasterxml.jackson.core.JsonParser$NumberType: com.fasterxml.jackson.core.JsonParser$NumberType valueOf(java.lang.String)
com.fasterxml.jackson.core.JsonToken: com.fasterxml.jackson.core.JsonToken[] values()
com.fasterxml.jackson.core.JsonToken: com.fasterxml.jackson.core.JsonToken valueOf(java.lang.String)
com.fasterxml.jackson.core.format.MatchStrength: com.fasterxml.jackson.core.format.MatchStrength[] values()
com.fasterxml.jackson.core.format.MatchStrength: com.fasterxml.jackson.core.format.MatchStrength valueOf(java.lang.String)
com.fasterxml.jackson.core.util.BufferRecycler$ByteBufferType: com.fasterxml.jackson.core.util.BufferRecycler$ByteBufferType[] values()
com.fasterxml.jackson.core.util.BufferRecycler$ByteBufferType: com.fasterxml.jackson.core.util.BufferRecycler$ByteBufferType valueOf(java.lang.String)
com.fasterxml.jackson.core.util.BufferRecycler$CharBufferType: com.fasterxml.jackson.core.util.BufferRecycler$CharBufferType[] values()
com.fasterxml.jackson.core.util.BufferRecycler$CharBufferType: com.fasterxml.jackson.core.util.BufferRecycler$CharBufferType valueOf(java.lang.String)
com.fasterxml.jackson.databind.AnnotationIntrospector$ReferenceProperty$Type: com.fasterxml.jackson.databind.AnnotationIntrospector$ReferenceProperty$Type[] values()
com.fasterxml.jackson.databind.AnnotationIntrospector$ReferenceProperty$Type: com.fasterxml.jackson.databind.AnnotationIntrospector$ReferenceProperty$Type valueOf(java.lang.String)