proguard/mapping.txt
org.jivesoftware.smack.sasl.SASLDigestMD5Mechanism -> b.b.a.e.c:
    java.lang.String getName() -> a
org.jivesoftware.smack.sasl.SASLExternalMechanism -> b.b.a.e.d:
    java.lang.String getName() -> a
org.jivesoftware.smack.sasl.SASLGSSAPIMechanism -> b.b.a.e.e:
    java.lang.String getName() -> a
    void authenticate(java.lang.String,java.lang.String,org.apache.harmony.javax.security.auth.callback.CallbackHandler) -> a
    void authenticate(java.lang.String,java.lang.String,java.lang.String) -> a
org.jivesoftware.smack.sasl.SASLMechanism -> b.b.a.e.f:
    org.jivesoftware.smack.SASLAuthentication saslAuthentication -> e
    org.apache.harmony.javax.security.sasl.SaslClient sc -> a
    java.lang.String authenticationId -> b
    java.lang.String password -> c
    java.lang.String hostname -> d
    void authenticate(java.lang.String,java.lang.String,java.lang.String) -> a
    void authenticate(java.lang.String,java.lang.String,org.apache.harmony.javax.security.auth.callback.CallbackHandler) -> a
    void authenticate() -> b
    void challengeReceived(java.lang.String) -> a
    java.lang.String getName() -> a
    org.jivesoftware.smack.SASLAuthentication getSASLAuthentication() -> c
    void handle(org.apache.harmony.javax.security.auth.callback.Callback[]) -> a
org.jivesoftware.smack.sasl.SASLMechanism$AuthMechanism -> b.b.a.e.g:
    java.lang.String name -> d
    java.lang.String authenticationText -> e
    org.jivesoftware.smack.sasl.SASLMechanism this$0 -> c
    java.lang.String toXML() -> h
org.jivesoftware.smack.sasl.SASLMechanism$Challenge -> b.b.a.e.h:
    java.lang.String data -> c
    java.lang.String toXML() -> h
org.jivesoftware.smack.sasl.SASLMechanism$Failure -> b.b.a.e.i:
    java.lang.String condition -> c
    java.lang.String toXML() -> h
org.jivesoftware.smack.sasl.SASLMechanism$Response -> b.b.a.e.j:
    java.lang.String authenticationText -> d
    org.jivesoftware.smack.sasl.SASLMechanism this$0 -> c
    java.lang.String toXML() -> h
org.jivesoftware.smack.sasl.SASLMechanism$Success -> b.b.a.e.k:
    java.lang.String data -> c
    java.lang.String toXML() -> h
org.jivesoftware.smack.sasl.SASLPlainMechanism -> b.b.a.e.l:
    java.lang.String getName() -> a
org.jivesoftware.smack.util.Base64 -> b.b.a.f.a:
    byte[] _STANDARD_ALPHABET -> a
    byte[] _STANDARD_DECODABET -> b
    byte[] _URL_SAFE_ALPHABET -> c
    byte[] _URL_SAFE_DECODABET -> d
    byte[] _ORDERED_ALPHABET -> e
    byte[] _ORDERED_DECODABET -> f
    byte[] getAlphabet(int) -> c
    byte[] getDecodabet(int) -> d
    byte[] encode3to4(byte[],int,int,byte[],int,int) -> a
    java.lang.String encodeBytes(byte[]) -> a
    java.lang.String encodeBytes$79bb807(byte[]) -> b
    java.lang.String encodeBytes$5fb0bea7(byte[],int,int) -> a
    int decode4to3$5c8eef61(byte[],byte[],int,int) -> b
    byte[] decode(java.lang.String) -> a
    byte[] decode$44bd1c79(java.lang.String) -> b
    byte[] access$0(int) -> a
    byte[] access$1(int) -> b
    int access$3$5c8eef61(byte[],byte[],int) -> a
    byte[] access$4(byte[],byte[],int,int) -> a
org.jivesoftware.smack.util.Base64$OutputStream -> b.b.a.f.b:
    boolean encode -> a
    int position -> b
    byte[] buffer -> c
    int bufferLength -> d
    int lineLength -> e
    boolean breakLines -> f
    byte[] b4 -> g
    boolean suspendEncoding -> h
    int options -> i
    byte[] alphabet -> j
    byte[] decodabet -> k
    void write(int) -> write
    void write(byte[],int,int) -> write
    void close() -> close