proguard/usage.txt
org.apache.harmony.javax.security.sasl.SaslException:
    private static final long serialVersionUID
org.apache.harmony.javax.security.sasl.SaslServer
org.apache.harmony.javax.security.sasl.SaslServerFactory
org.apache.qpid.management.common.sasl.PlainSaslClient:
    92:92:public java.lang.String getMechanismName()
    102:102:public boolean isComplete()
    107:111:public byte[] unwrap(byte[],int,int)
    118:125:public byte[] wrap(byte[],int,int)
    132:145:public java.lang.Object getNegotiatedProperty(java.lang.String)
    164:165:public void dispose()
org.jivesoftware.smack.AccountManager:
    87:101:public boolean supportsAccountCreation()
    131:143:public java.util.Collection getAccountAttributes()
    156:164:public java.lang.String getAccountAttribute(java.lang.String)
    176:182:public java.lang.String getAccountInstructions()
    199:208:public void createAccount(java.lang.String,java.lang.String)
    224:248:public void createAccount(java.lang.String,java.lang.String,java.util.Map)
    259:277:public void changePassword(java.lang.String)
    288:309:public void deleteAccount()
    317:335:private synchronized void getRegistrationInfo()
org.jivesoftware.smack.Chat
org.jivesoftware.smack.ChatManager:
    private java.util.Map threadChats
    private java.util.Map jidChats
    private java.util.Set chatManagerListeners
    private java.util.Map interceptors
    private org.jivesoftware.smack.Connection connection
    51:51:private static synchronized java.lang.String nextID()
    85:121:ChatManager(org.jivesoftware.smack.Connection)
    133:136:public org.jivesoftware.smack.Chat createChat(java.lang.String,org.jivesoftware.smack.MessageListener)
    148:157:public org.jivesoftware.smack.Chat createChat(java.lang.String,java.lang.String,org.jivesoftware.smack.MessageListener)
    161:169:private org.jivesoftware.smack.Chat createChat(java.lang.String,java.lang.String,boolean)
    173:179:private org.jivesoftware.smack.Chat createChat(org.jivesoftware.smack.packet.Message)
    183:183:private org.jivesoftware.smack.Chat getUserChat(java.lang.String)
    187:187:public org.jivesoftware.smack.Chat getThreadChat(java.lang.String)
    196:197:public void addChatListener(org.jivesoftware.smack.ChatManagerListener)
    205:206:public void removeChatListener(org.jivesoftware.smack.ChatManagerListener)
    216:216:public java.util.Collection getChatListeners()
    221:222:private void deliverMessage(org.jivesoftware.smack.Chat,org.jivesoftware.smack.packet.Message)
    225:236:void sendMessage(org.jivesoftware.smack.Chat,org.jivesoftware.smack.packet.Message)
org.jivesoftware.smack.ChatManager$1
org.jivesoftware.smack.ChatManager$2
org.jivesoftware.smack.ChatManagerListener